<?xml version="1.0" encoding="UTF-8"?>
<!-- Generated by org.testng.reporters.JUnitReportReporter -->
<testsuite skipped="0" hostname="ATMECSINLT-711" name="com.atmecs.phptravels.testscripts.ChatTest" tests="1" failures="0" timestamp="09 Oct 2020 06:47:24 GMT" time="20.705" errors="0">
  <testcase name="runPhpTravels" time="20.705" classname="com.atmecs.phptravels.testscripts.ChatTest"/>
</testsuite> <!-- com.atmecs.phptravels.testscripts.ChatTest -->
